<?xml version="1.0" encoding="UTF-8"?>
<!-- Generated by org.testng.reporters.JUnitReportReporter -->
<testsuite hostname="LAPTOP-T9MLA83G" failures="0" tests="3" name="test.ClassWork2" time="3.039" errors="0" timestamp="2022-10-04T17:33:58 IST" skipped="0">
  <testcase classname="test.ClassWork2" name="a" time="0.013"/>
  <system-out/>
  <testcase classname="test.ClassWork2" name="x" time="0.008"/>
  <system-out/>
  <testcase classname="test.ClassWork2" name="p" time="3.018"/>
  <system-out/>
</testsuite> <!-- test.ClassWork2 -->
