<?xml version="1.0" encoding="UTF-8"?>
<!-- Generated by org.testng.reporters.JUnitReportReporter -->
<testsuite hostname="LAPTOP-T9MLA83G" failures="0" tests="4" name="test.ClassWork" time="0.018" errors="0" timestamp="2022-09-27T13:35:27 IST" skipped="0">
  <testcase classname="test.ClassWork" name="a" time="0.014"/>
  <system-out/>
  <testcase classname="test.ClassWork" name="p" time="0.002"/>
  <system-out/>
  <testcase classname="test.ClassWork" name="x" time="0.001"/>
  <system-out/>
  <testcase classname="test.ClassWork" name="b" time="0.001"/>
  <system-out/>
</testsuite> <!-- test.ClassWork -->
