<?xml version="1.0" encoding="UTF-8"?>
<!-- Generated by org.testng.reporters.JUnitReportReporter -->
<testsuite hostname="LAPTOP-T9MLA83G" failures="0" tests="3" name="test.ClassWork1" time="3.037" errors="0" timestamp="2022-10-04T17:33:58 IST" skipped="0">
  <testcase classname="test.ClassWork1" name="p" time="3.017"/>
  <system-out/>
  <testcase classname="test.ClassWork1" name="x" time="0.008"/>
  <system-out/>
  <testcase classname="test.ClassWork1" name="a" time="0.012"/>
  <system-out/>
</testsuite> <!-- test.ClassWork1 -->
